Performing system checks...

System check identified no issues (0 silenced).
Traceback (most recent call last):
  File "E:\OneDrive\Desktop\User Auth & Profiles\User-Auth\.venv\Lib\site-packages\django\core\servers\basehttp.py", line 49, in get_internal_wsgi_application
    return import_string(app_path)
  File "E:\OneDrive\Desktop\User Auth & Profiles\User-Auth\.venv\Lib\site-packages\django\utils\module_loading.py", line 30, in import_string
    return cached_import(module_path, class_name)
  File "E:\OneDrive\Desktop\User Auth & Profiles\User-Auth\.venv\Lib\site-packages\django\utils\module_loading.py", line 15, in cached_import
    module = import_module(module_path)
  File "C:\Python313\Lib\importlib\__init__.py", line 88, in import_module
    return _bootstrap._gcd_import(name[level:], package, level)
           ~~~~~~~~~~~~~~~~~~~~~~^^^^^^^^^^^^^^^^^^^^^^^^^^^^^^
  File "<frozen importlib._bootstrap>", line 1387, in _gcd_import
  File "<frozen importlib._bootstrap>", line 1360, in _find_and_load
  File "<frozen importlib._bootstrap>", line 1331, in _find_and_load_unlocked
  File "<frozen importlib._bootstrap>", line 935, in _load_unlocked
  File "<frozen importlib._bootstrap_external>", line 1026, in exec_module
  File "<frozen importlib._bootstrap>", line 488, in _call_with_frames_removed
  File "E:\OneDrive\Desktop\User Auth & Profiles\User-Auth\core\wsgi.py", line 16, in <module>
    application = get_wsgi_application()
  File "E:\OneDrive\Desktop\User Auth & Profiles\User-Auth\.venv\Lib\site-packages\django\core\wsgi.py", line 13, in get_wsgi_application
    return WSGIHandler()
  File "E:\OneDrive\Desktop\User Auth & Profiles\User-Auth\.venv\Lib\site-packages\django\core\handlers\wsgi.py", line 118, in __init__
    self.load_middleware()
    ~~~~~~~~~~~~~~~~~~~~^^
  File "E:\OneDrive\Desktop\User Auth & Profiles\User-Auth\.venv\Lib\site-packages\django\core\handlers\base.py", line 41, in load_middleware
    middleware = import_string(middleware_path)
  File "E:\OneDrive\Desktop\User Auth & Profiles\User-Auth\.venv\Lib\site-packages\django\utils\module_loading.py", line 30, in import_string
    return cached_import(module_path, class_name)
  File "E:\OneDrive\Desktop\User Auth & Profiles\User-Auth\.venv\Lib\site-packages\django\utils\module_loading.py", line 15, in cached_import
    module = import_module(module_path)
  File "C:\Python313\Lib\importlib\__init__.py", line 88, in import_module
    return _bootstrap._gcd_import(name[level:], package, level)
           ~~~~~~~~~~~~~~~~~~~~~~^^^^^^^^^^^^^^^^^^^^^^^^^^^^^^
  File "<frozen importlib._bootstrap>", line 1387, in _gcd_import
  File "<frozen importlib._bootstrap>", line 1360, in _find_and_load
  File "<frozen importlib._bootstrap>", line 1310, in _find_and_load_unlocked
  File "<frozen importlib._bootstrap>", line 488, in _call_with_frames_removed
  File "<frozen importlib._bootstrap>", line 1387, in _gcd_import
  File "<frozen importlib._bootstrap>", line 1360, in _find_and_load
  File "<frozen importlib._bootstrap>", line 1324, in _find_and_load_unlocked
ModuleNotFoundError: No module named 'whitenoise'

The above exception was the direct cause of the following exception:

Traceback (most recent call last):
  File "E:\OneDrive\Desktop\User Auth & Profiles\User-Auth\manage.py", line 22, in <module>
    main()
    ~~~~^^
  File "E:\OneDrive\Desktop\User Auth & Profiles\User-Auth\manage.py", line 18, in main
    execute_from_command_line(sys.argv)
    ~~~~~~~~~~~~~~~~~~~~~~~~~^^^^^^^^^^
  File "E:\OneDrive\Desktop\User Auth & Profiles\User-Auth\.venv\Lib\site-packages\django\core\management\__init__.py", line 443, in execute_from_command_line
    utility.execute()
    ~~~~~~~~~~~~~~~^^
  File "E:\OneDrive\Desktop\User Auth & Profiles\User-Auth\.venv\Lib\site-packages\django\core\management\__init__.py", line 437, in execute
    self.fetch_command(subcommand).run_from_argv(self.argv)
    ~~~~~~~~~~~~~~~~~~~~~~~~~~~~~~~~~~~~~~~~~~~~^^^^^^^^^^^
  File "E:\OneDrive\Desktop\User Auth & Profiles\User-Auth\.venv\Lib\site-packages\django\core\management\base.py", line 416, in run_from_argv
    self.execute(*args, **cmd_options)
    ~~~~~~~~~~~~^^^^^^^^^^^^^^^^^^^^^^
  File "E:\OneDrive\Desktop\User Auth & Profiles\User-Auth\.venv\Lib\site-packages\django\core\management\commands\runserver.py", line 69, in execute
    super().execute(*args, **options)
    ~~~~~~~~~~~~~~~^^^^^^^^^^^^^^^^^^
  File "E:\OneDrive\Desktop\User Auth & Profiles\User-Auth\.venv\Lib\site-packages\django\core\management\base.py", line 460, in execute
    output = self.handle(*args, **options)
  File "E:\OneDrive\Desktop\User Auth & Profiles\User-Auth\.venv\Lib\site-packages\django\core\management\commands\runserver.py", line 110, in handle
    self.run(**options)
    ~~~~~~~~^^^^^^^^^^^
  File "E:\OneDrive\Desktop\User Auth & Profiles\User-Auth\.venv\Lib\site-packages\django\core\management\commands\runserver.py", line 119, in run
    self.inner_run(None, **options)
    ~~~~~~~~~~~~~~^^^^^^^^^^^^^^^^^
  File "E:\OneDrive\Desktop\User Auth & Profiles\User-Auth\.venv\Lib\site-packages\django\core\management\commands\runserver.py", line 143, in inner_run
    handler = self.get_handler(*args, **options)
  File "E:\OneDrive\Desktop\User Auth & Profiles\User-Auth\.venv\Lib\site-packages\django\contrib\staticfiles\management\commands\runserver.py", line 31, in get_handler
    handler = super().get_handler(*args, **options)
  File "E:\OneDrive\Desktop\User Auth & Profiles\User-Auth\.venv\Lib\site-packages\django\core\management\commands\runserver.py", line 73, in get_handler
    return get_internal_wsgi_application()
  File "E:\OneDrive\Desktop\User Auth & Profiles\User-Auth\.venv\Lib\site-packages\django\core\servers\basehttp.py", line 51, in get_internal_wsgi_application
    raise ImproperlyConfigured(
    ...<2 lines>...
    ) from err
django.core.exceptions.ImproperlyConfigured: WSGI application 'core.wsgi.application' could not be loaded; Error importing module.
